[2022-04-21T21:20:39.848] [DEBUG] cheese - login => username:1213,password:113131
[2022-04-21T21:20:39.854] [DEBUG] cheese - 1213
[2022-04-21T21:20:39.942] [DEBUG] cheese - null
[2022-04-21T21:20:39.942] [DEBUG] cheese - null
[2022-04-21T21:21:47.820] [DEBUG] cheese - login => username:1213,password:13131313
[2022-04-21T21:21:47.820] [DEBUG] cheese - 1213
[2022-04-21T21:21:47.823] [DEBUG] cheese - null
[2022-04-21T21:21:47.823] [DEBUG] cheese - null
[2022-04-21T21:22:34.597] [DEBUG] cheese - login => username:1213,password:1131312
[2022-04-21T21:22:34.598] [DEBUG] cheese - 1213
[2022-04-21T21:22:34.600] [DEBUG] cheese - null
[2022-04-21T21:22:34.600] [DEBUG] cheese - null
[2022-04-21T21:27:35.014] [DEBUG] cheese - login => username:123,password:12131313
[2022-04-21T21:27:35.014] [DEBUG] cheese - 123
[2022-04-21T21:27:35.019] [DEBUG] cheese - null
[2022-04-21T21:27:35.019] [DEBUG] cheese - null
[2022-04-21T21:27:47.890] [DEBUG] cheese - login => username:admin,password:123456
[2022-04-21T21:27:47.890] [DEBUG] cheese - admin
[2022-04-21T21:27:47.902] [DEBUG] cheese - null
[2022-04-21T21:27:47.902] [DEBUG] cheese - null
[2022-04-21T21:36:12.148] [DEBUG] cheese - login => username:12133,password:12131313
[2022-04-21T21:36:12.148] [DEBUG] cheese - 12133
[2022-04-21T21:36:12.152] [DEBUG] cheese - null
[2022-04-21T21:36:12.152] [DEBUG] cheese - null
[2022-04-21T21:36:20.746] [DEBUG] cheese - login => username:admin,password:123456
[2022-04-21T21:36:20.746] [DEBUG] cheese - admin
[2022-04-21T21:36:20.748] [DEBUG] cheese - null
[2022-04-21T21:36:20.749] [DEBUG] cheese - null
[2022-04-21T21:37:08.044] [DEBUG] cheese - login => username:123,password:131312
[2022-04-21T21:37:08.044] [DEBUG] cheese - 123
[2022-04-21T21:37:08.046] [DEBUG] cheese - null
[2022-04-21T21:37:08.046] [DEBUG] cheese - null
[2022-04-22T13:21:41.796] [DEBUG] cheese - login => username:admin,password:123456
[2022-04-22T13:21:41.797] [DEBUG] cheese - admin
[2022-04-22T13:21:41.822] [DEBUG] cheese - null
[2022-04-22T13:21:41.822] [DEBUG] cheese - null
[2022-04-22T13:27:53.169] [DEBUG] cheese - login => username:admin,password:123456
[2022-04-22T13:27:53.170] [DEBUG] cheese - admin
[2022-04-22T13:27:53.176] [DEBUG] cheese - null
[2022-04-22T13:27:53.176] [DEBUG] cheese - null
[2022-04-22T13:47:01.297] [DEBUG] cheese - login => username:admin,password:123456
[2022-04-22T13:47:01.297] [DEBUG] cheese - admin
[2022-04-22T13:47:01.308] [DEBUG] cheese - null
[2022-04-22T13:47:01.308] [DEBUG] cheese - null
[2022-04-22T13:54:21.618] [DEBUG] cheese - login => username:admin,password:123456
[2022-04-22T13:54:21.618] [DEBUG] cheese - admin
[2022-04-22T13:54:21.628] [DEBUG] cheese - null
[2022-04-22T13:54:21.628] [DEBUG] cheese - null
[2022-04-22T13:55:44.755] [DEBUG] cheese - login => username:admin,password:123456
[2022-04-22T13:55:44.759] [DEBUG] cheese - admin
[2022-04-22T13:55:44.762] [DEBUG] cheese - null
[2022-04-22T13:55:44.762] [DEBUG] cheese - null
[2022-04-22T13:56:22.192] [DEBUG] cheese - login => username:admin,password:123456
[2022-04-22T13:56:22.192] [DEBUG] cheese - admin
[2022-04-22T13:56:22.196] [DEBUG] cheese - null
[2022-04-22T13:56:22.197] [DEBUG] cheese - null
[2022-04-22T14:26:00.810] [DEBUG] cheese - login => username:admin,password:123456
[2022-04-22T14:26:00.810] [DEBUG] cheese - admin
[2022-04-22T14:26:00.822] [DEBUG] cheese - null
[2022-04-22T14:26:00.822] [DEBUG] cheese - null
[2022-04-22T14:28:17.456] [DEBUG] cheese - login => username:admin,password:123456
[2022-04-22T14:28:17.456] [DEBUG] cheese - admin
[2022-04-22T14:28:17.461] [DEBUG] cheese - null
[2022-04-22T14:28:17.461] [DEBUG] cheese - null
[2022-04-22T14:28:20.044] [DEBUG] cheese - login => username:admin,password:123456
[2022-04-22T14:28:20.044] [DEBUG] cheese - admin
[2022-04-22T14:28:20.046] [DEBUG] cheese - null
[2022-04-22T14:28:20.046] [DEBUG] cheese - null
[2022-04-22T18:46:42.505] [DEBUG] cheese - login => username:admin,password:123456
[2022-04-22T18:46:42.506] [DEBUG] cheese - admin
[2022-04-22T18:46:42.532] [DEBUG] cheese - null
[2022-04-22T18:46:42.532] [DEBUG] cheese - null
[2022-04-22T22:59:38.503] [DEBUG] cheese - login => username:admin,password:123456
[2022-04-22T22:59:38.505] [DEBUG] cheese - admin
[2022-04-22T22:59:38.531] [DEBUG] cheese - null
[2022-04-22T22:59:38.531] [DEBUG] cheese - null
[2022-04-23T17:17:05.940] [DEBUG] cheese - login => username:admin,password:123456
[2022-04-23T17:17:05.942] [DEBUG] cheese - admin
[2022-04-23T17:17:05.971] [DEBUG] cheese - null
[2022-04-23T17:17:05.971] [DEBUG] cheese - null
[2022-04-23T17:17:53.176] [DEBUG] cheese - login => username:admin,password:123456
[2022-04-23T17:17:53.176] [DEBUG] cheese - admin
[2022-04-23T17:17:53.186] [DEBUG] cheese - null
[2022-04-23T17:17:53.186] [DEBUG] cheese - null
[2022-04-23T17:28:03.078] [DEBUG] cheese - login => username:admin,password:123456
[2022-04-23T17:28:03.078] [DEBUG] cheese - admin
[2022-04-23T17:28:03.084] [DEBUG] cheese - null
[2022-04-23T17:28:03.084] [DEBUG] cheese - null
[2022-04-23T17:34:44.327] [DEBUG] cheese - login => username:admin,password:123456
[2022-04-23T17:34:44.327] [DEBUG] cheese - admin
[2022-04-23T17:34:44.330] [DEBUG] cheese - null
[2022-04-23T17:34:44.330] [DEBUG] cheese - null
[2022-04-24T13:54:12.982] [DEBUG] cheese - login => username:admin,password:123456
[2022-04-24T13:54:12.986] [DEBUG] cheese - admin
[2022-04-24T13:54:12.999] [DEBUG] cheese - null
[2022-04-24T13:54:12.999] [DEBUG] cheese - null
[2022-04-24T14:17:07.547] [DEBUG] cheese - login => username:admin,password:123456
[2022-04-24T14:17:07.547] [DEBUG] cheese - admin
[2022-04-24T14:17:07.552] [DEBUG] cheese - null
[2022-04-24T14:17:07.552] [DEBUG] cheese - null
[2022-04-24T14:18:02.314] [DEBUG] cheese - login => username:admin,password:123456
[2022-04-24T14:18:02.315] [DEBUG] cheese - admin
[2022-04-24T14:18:02.317] [DEBUG] cheese - null
[2022-04-24T14:18:02.317] [DEBUG] cheese - null
[2022-04-24T14:19:02.078] [DEBUG] cheese - login => username:admin,password:123456
[2022-04-24T14:19:02.078] [DEBUG] cheese - admin
[2022-04-24T14:19:02.080] [DEBUG] cheese - null
[2022-04-24T14:19:02.080] [DEBUG] cheese - null
[2022-04-24T14:28:34.516] [DEBUG] cheese - login => username:admin,password:123456
[2022-04-24T14:28:34.516] [DEBUG] cheese - admin
[2022-04-24T14:28:34.521] [DEBUG] cheese - null
[2022-04-24T14:28:34.521] [DEBUG] cheese - null
[2022-04-24T14:30:39.400] [DEBUG] cheese - login => username:admin,password:123456
[2022-04-24T14:30:39.400] [DEBUG] cheese - admin
[2022-04-24T14:30:39.404] [DEBUG] cheese - null
[2022-04-24T14:30:39.405] [DEBUG] cheese - null
[2022-04-24T14:31:13.118] [DEBUG] cheese - login => username:admin,password:123456
[2022-04-24T14:31:13.118] [DEBUG] cheese - admin
[2022-04-24T14:31:13.119] [DEBUG] cheese - null
[2022-04-24T14:31:13.119] [DEBUG] cheese - null
[2022-04-24T17:09:10.253] [DEBUG] cheese - login => username:admin,password:123456
[2022-04-24T17:09:10.253] [DEBUG] cheese - admin
[2022-04-24T17:09:10.266] [DEBUG] cheese - null
[2022-04-24T17:09:10.266] [DEBUG] cheese - null
[2022-04-25T17:09:43.168] [DEBUG] cheese - login => username:admin,password:123456
[2022-04-25T17:09:43.174] [DEBUG] cheese - admin
[2022-04-25T17:09:43.191] [DEBUG] cheese - null
[2022-04-25T17:09:43.192] [DEBUG] cheese - null
[2022-04-25T17:18:35.098] [DEBUG] cheese - login => username:admin,password:123456
[2022-04-25T17:18:35.098] [DEBUG] cheese - admin
[2022-04-25T17:18:35.104] [DEBUG] cheese - null
[2022-04-25T17:18:35.104] [DEBUG] cheese - null
[2022-04-25T17:27:38.849] [DEBUG] cheese - login => username:admin,password:123456
[2022-04-25T17:27:38.849] [DEBUG] cheese - admin
[2022-04-25T17:27:38.851] [DEBUG] cheese - null
[2022-04-25T17:27:38.851] [DEBUG] cheese - null
[2022-04-25T17:36:13.531] [DEBUG] cheese - login => username:admin,password:123456
[2022-04-25T17:36:13.531] [DEBUG] cheese - admin
[2022-04-25T17:36:13.534] [DEBUG] cheese - null
[2022-04-25T17:36:13.534] [DEBUG] cheese - null
[2022-04-26T14:04:48.409] [DEBUG] cheese - login => username:admin,password:123456
[2022-04-26T14:04:48.411] [DEBUG] cheese - admin
[2022-04-26T14:04:48.417] [DEBUG] cheese - null
[2022-04-26T14:04:48.417] [DEBUG] cheese - null
[2022-04-26T18:10:12.713] [DEBUG] cheese - login => username:admin,password:123456
[2022-04-26T18:10:12.713] [DEBUG] cheese - admin
[2022-04-26T18:10:12.720] [DEBUG] cheese - null
[2022-04-26T18:10:12.720] [DEBUG] cheese - null
[2022-04-26T20:46:55.415] [DEBUG] cheese - login => username:admin,password:123456
[2022-04-26T20:46:55.417] [DEBUG] cheese - admin
[2022-04-26T20:46:55.424] [DEBUG] cheese - null
[2022-04-26T20:46:55.424] [DEBUG] cheese - null
[2022-04-27T18:54:13.890] [DEBUG] cheese - login => username:admin,password:123456
[2022-04-27T18:54:13.891] [DEBUG] cheese - admin
[2022-04-27T18:54:13.896] [DEBUG] cheese - null
[2022-04-27T18:54:13.896] [DEBUG] cheese - null
[2022-04-27T18:54:43.709] [DEBUG] cheese - login => username:admin,password:123456
[2022-04-27T18:54:43.709] [DEBUG] cheese - admin
[2022-04-27T18:54:43.710] [DEBUG] cheese - null
[2022-04-27T18:54:43.710] [DEBUG] cheese - null
[2022-04-27T18:59:52.861] [DEBUG] cheese - login => username:admin,password:123456
[2022-04-27T18:59:52.861] [DEBUG] cheese - admin
[2022-04-27T18:59:52.863] [DEBUG] cheese - null
[2022-04-27T18:59:52.863] [DEBUG] cheese - null
[2022-04-28T21:36:15.448] [DEBUG] cheese - login => username:admin,password:123456
[2022-04-28T21:36:15.449] [DEBUG] cheese - admin
[2022-04-28T21:36:15.486] [DEBUG] cheese - null
[2022-04-28T21:36:15.487] [DEBUG] cheese - null
[2022-04-28T22:38:21.154] [DEBUG] cheese - login => username:admin,password:123456
[2022-04-28T22:38:21.154] [DEBUG] cheese - admin
[2022-04-28T22:38:21.161] [DEBUG] cheese - null
[2022-04-28T22:38:21.161] [DEBUG] cheese - null
[2022-04-29T16:45:23.026] [DEBUG] cheese - null
[2022-04-29T16:49:17.323] [DEBUG] cheese - null
[2022-04-30T17:35:58.078] [DEBUG] cheese - login => username:admin,password:123456
[2022-04-30T17:35:58.080] [DEBUG] cheese - admin
[2022-04-30T17:35:58.113] [DEBUG] cheese - null
[2022-04-30T17:35:58.113] [DEBUG] cheese - null
[2022-04-30T19:59:18.909] [DEBUG] cheese - login => username:admin,password:123456
[2022-04-30T19:59:18.909] [DEBUG] cheese - admin
[2022-04-30T19:59:18.916] [DEBUG] cheese - null
[2022-04-30T19:59:18.916] [DEBUG] cheese - null
[2022-04-30T20:57:35.261] [DEBUG] cheese - login => username:admin,password:123456
[2022-04-30T20:57:35.261] [DEBUG] cheese - admin
[2022-04-30T20:57:35.264] [DEBUG] cheese - null
[2022-04-30T20:57:35.264] [DEBUG] cheese - null
[2022-05-01T16:14:48.357] [DEBUG] cheese - login => username:admin,password:123456
[2022-05-01T16:14:48.359] [DEBUG] cheese - admin
[2022-05-01T16:14:48.363] [DEBUG] cheese - null
[2022-05-01T16:14:48.364] [DEBUG] cheese - null
[2022-05-01T16:15:22.147] [DEBUG] cheese - login => username:admin,password:123456
[2022-05-01T16:15:22.148] [DEBUG] cheese - admin
[2022-05-01T16:15:22.151] [DEBUG] cheese - null
[2022-05-01T16:15:22.151] [DEBUG] cheese - null
[2022-05-01T21:04:03.741] [DEBUG] cheese - login => username:admin,password:123456
[2022-05-01T21:04:03.748] [DEBUG] cheese - admin
[2022-05-01T21:04:03.795] [DEBUG] cheese - null
[2022-05-01T21:04:03.797] [DEBUG] cheese - null
[2022-05-01T21:10:29.282] [DEBUG] cheese - login => username:admin,password:123456
[2022-05-01T21:10:29.282] [DEBUG] cheese - admin
[2022-05-01T21:10:29.291] [DEBUG] cheese - null
[2022-05-01T21:10:29.292] [DEBUG] cheese - null
[2022-05-01T21:51:41.222] [DEBUG] cheese - login => username:admin,password:123456
[2022-05-01T21:51:41.222] [DEBUG] cheese - admin
[2022-05-01T21:51:41.228] [DEBUG] cheese - null
[2022-05-01T21:51:41.228] [DEBUG] cheese - null
[2022-05-03T15:08:46.151] [DEBUG] cheese - login => username:admin,password:123456
[2022-05-03T15:08:46.160] [DEBUG] cheese - admin
[2022-05-03T15:08:46.222] [DEBUG] cheese - null
[2022-05-03T15:08:46.224] [DEBUG] cheese - null
[2022-05-03T17:16:11.685] [DEBUG] cheese - login => username:admin,password:123456
[2022-05-03T17:16:11.687] [DEBUG] cheese - admin
[2022-05-03T17:16:11.707] [DEBUG] cheese - null
[2022-05-03T17:16:11.708] [DEBUG] cheese - null
[2022-05-03T17:18:33.515] [DEBUG] cheese - login => username:admin,password:123456
[2022-05-03T17:18:33.515] [DEBUG] cheese - admin
[2022-05-03T17:18:33.523] [DEBUG] cheese - null
[2022-05-03T17:18:33.523] [DEBUG] cheese - null
[2022-05-04T14:15:16.163] [DEBUG] cheese - login => username:admin,password:123456
[2022-05-04T14:15:16.164] [DEBUG] cheese - admin
[2022-05-04T14:15:16.174] [DEBUG] cheese - null
[2022-05-04T14:15:16.175] [DEBUG] cheese - null
[2022-05-04T18:13:10.484] [DEBUG] cheese - login => username:admin,password:123456
[2022-05-04T18:13:10.485] [DEBUG] cheese - admin
[2022-05-04T18:13:10.495] [DEBUG] cheese - null
[2022-05-04T18:13:10.495] [DEBUG] cheese - null
[2022-05-05T18:37:51.550] [DEBUG] cheese - login => username:admin,password:123456
[2022-05-05T18:37:51.557] [DEBUG] cheese - admin
[2022-05-05T18:37:51.629] [DEBUG] cheese - null
[2022-05-05T18:37:51.632] [DEBUG] cheese - null
[2022-05-06T11:51:55.867] [DEBUG] cheese - login => username:admin,password:123456
[2022-05-06T11:51:55.868] [DEBUG] cheese - admin
[2022-05-06T11:51:55.901] [DEBUG] cheese - null
[2022-05-06T11:51:55.902] [DEBUG] cheese - null
[2022-05-07T15:23:33.379] [DEBUG] cheese - login => username:admin,password:123456
[2022-05-07T15:23:33.387] [DEBUG] cheese - admin
[2022-05-07T15:23:33.437] [DEBUG] cheese - null
[2022-05-07T15:23:33.437] [DEBUG] cheese - null
[2022-05-07T17:57:25.962] [DEBUG] cheese - null
[2022-05-07T18:26:01.351] [DEBUG] cheese - null
[2022-05-07T18:28:21.486] [DEBUG] cheese - null
[2022-05-07T18:28:52.744] [DEBUG] cheese - null
[2022-05-07T18:30:50.115] [DEBUG] cheese - null
[2022-05-07T18:32:02.926] [DEBUG] cheese - null
[2022-05-07T18:32:52.233] [DEBUG] cheese - null
[2022-05-08T14:58:11.306] [DEBUG] cheese - login => username:admin,password:123456
[2022-05-08T14:58:11.315] [DEBUG] cheese - admin
[2022-05-08T14:58:11.332] [DEBUG] cheese - null
[2022-05-08T14:58:11.335] [DEBUG] cheese - null
[2022-05-08T20:07:05.634] [DEBUG] cheese - login => username:admin,password:123456
[2022-05-08T20:07:05.635] [DEBUG] cheese - admin
[2022-05-08T20:07:05.640] [DEBUG] cheese - null
[2022-05-08T20:07:05.640] [DEBUG] cheese - null
[2022-05-09T17:45:14.261] [DEBUG] cheese - login => username:admin,password:123456
[2022-05-09T17:45:14.267] [DEBUG] cheese - admin
[2022-05-09T17:45:14.280] [DEBUG] cheese - null
[2022-05-09T17:45:14.280] [DEBUG] cheese - null
[2022-05-09T18:56:18.877] [DEBUG] cheese - login => username:admin,password:123456
[2022-05-09T18:56:18.878] [DEBUG] cheese - admin
[2022-05-09T18:56:18.883] [DEBUG] cheese - null
[2022-05-09T18:56:18.885] [DEBUG] cheese - null
[2022-05-09T18:59:52.232] [DEBUG] cheese - login => username:admin,password:123456
[2022-05-09T18:59:52.232] [DEBUG] cheese - admin
[2022-05-09T18:59:52.234] [DEBUG] cheese - null
[2022-05-09T18:59:52.234] [DEBUG] cheese - null
[2022-05-09T20:16:26.632] [DEBUG] cheese - login => username:admin,password:123456
[2022-05-09T20:16:26.636] [DEBUG] cheese - admin
[2022-05-09T20:16:26.672] [DEBUG] cheese - null
[2022-05-09T20:16:26.673] [DEBUG] cheese - null
[2022-05-10T20:56:28.393] [DEBUG] cheese - login => username:admin,password:123456
[2022-05-10T20:56:28.398] [DEBUG] cheese - admin
[2022-05-10T20:56:28.441] [DEBUG] cheese - null
[2022-05-10T20:56:28.443] [DEBUG] cheese - null
[2022-05-11T14:20:41.626] [DEBUG] cheese - login => username:admin,password:123456
[2022-05-11T14:20:41.628] [DEBUG] cheese - admin
[2022-05-11T14:20:41.641] [DEBUG] cheese - null
[2022-05-11T14:20:41.641] [DEBUG] cheese - null
[2022-05-11T14:31:46.024] [DEBUG] cheese - login => username:admin,password:123456
[2022-05-11T14:31:46.025] [DEBUG] cheese - admin
[2022-05-11T14:31:46.048] [DEBUG] cheese - null
[2022-05-11T14:31:46.050] [DEBUG] cheese - null
[2022-05-11T14:54:36.606] [DEBUG] cheese - login => username:admin,password:123456
[2022-05-11T14:54:36.606] [DEBUG] cheese - admin
[2022-05-11T14:54:36.609] [DEBUG] cheese - null
[2022-05-11T14:54:36.609] [DEBUG] cheese - null
[2022-05-11T16:25:13.027] [DEBUG] cheese - login => username:admin,password:123456
[2022-05-11T16:25:13.027] [DEBUG] cheese - admin
[2022-05-11T16:25:13.033] [DEBUG] cheese - null
[2022-05-11T16:25:13.033] [DEBUG] cheese - null
[2022-05-11T16:28:02.677] [DEBUG] cheese - login => username:admin,password:123456
[2022-05-11T16:28:02.677] [DEBUG] cheese - admin
[2022-05-11T16:28:02.681] [DEBUG] cheese - null
[2022-05-11T16:28:02.682] [DEBUG] cheese - null
[2022-05-11T17:48:36.523] [DEBUG] cheese - login => username:admin,password:123456
[2022-05-11T17:48:36.524] [DEBUG] cheese - admin
[2022-05-11T17:48:36.536] [DEBUG] cheese - null
[2022-05-11T17:48:36.537] [DEBUG] cheese - null
